<?xml version="1.0" encoding="UTF-8"?>
<!-- Generated by org.testng.reporters.JUnitXMLReporter -->
<testsuite ignored="37" hostname="niveus-HP-EliteBook-820-G3" failures="0" tests="18" name="Surefire test" time="490.827" errors="0" timestamp="2021-04-16T16:48:42 IST">
  <testcase classname="com.niveus.AddAdminTest" name="addAdminValidation" time="18.422"/>
  <testcase classname="com.niveus.LoginTest" name="adminLoginValidation" time="4.216"/>
  <testcase classname="com.niveus.ConfigurationTest" name="configurationValidation" time="42.903"/>
  <testcase classname="com.niveus.UserSearchTest" name="SearchUSerValidation" time="27.331"/>
  <testcase classname="com.niveus.SearchSpecialtyTest" name="searchValidationTest" time="13.813"/>
  <testcase classname="com.niveus.UserLoginTest" name="UserValidationTest" time="6.211"/>
  <testcase classname="com.niveus.DeleteSpecialtyTest" name="deleteSpecValidation" time="15.578"/>
  <testcase classname="com.niveus.SearchAdminTest" name="adminSearchValidation" time="11.329"/>
  <testcase classname="com.niveus.EditOrganizationTest" name="editOrganizationValidation" time="26.852"/>
  <testcase classname="com.niveus.OrgSpecialtySearchTest" name="OrgSpecSearchValidation" time="31.864"/>
  <testcase classname="com.niveus.AddUserTest" name="addUserValidation" time="24.322"/>
  <testcase classname="com.niveus.InValidLoginTest" name="InvalidLoginValidation" time="4.771"/>
  <testcase classname="com.niveus.AddOrganizationTest" name="addOrganizationValiation" time="18.214"/>
  <testcase classname="com.niveus.DeleteOrganizationTest" name="deleteOrgnizationValidation" time="142.16"/>
  <testcase classname="com.niveus.LogoutTest" name="logoutValidationTest" time="6.519"/>
  <testcase classname="com.niveus.SearchOrgTest" name="searchOrgValidationTest" time="19.583"/>
  <testcase classname="com.niveus.EditSpecialityTest" name="editSPecValidation" time="15.714"/>
  <testcase classname="com.niveus.SearchUserEmailIDTest" name="SearchUSerEmailIdValidation" time="31.366"/>
  <testcase classname="com.niveus.EditAdminTest" name="editAdminValidation" time="0.0">
    <ignored/>
  </testcase> <!-- editAdminValidation -->
  <testcase classname="com.niveus.Base" name="@BeforeSuite setUp" time="0.0">
    <ignored/>
  </testcase> <!-- @BeforeSuite setUp -->
  <testcase classname="com.niveus.Base" name="@BeforeSuite setUp" time="0.0">
    <ignored/>
  </testcase> <!-- @BeforeSuite setUp -->
  <testcase classname="com.niveus.Base" name="@BeforeSuite setUp" time="0.0">
    <ignored/>
  </testcase> <!-- @BeforeSuite setUp -->
  <testcase classname="com.niveus.Base" name="@BeforeSuite setUp" time="0.0">
    <ignored/>
  </testcase> <!-- @BeforeSuite setUp -->
  <testcase classname="com.niveus.Base" name="@BeforeSuite setUp" time="0.0">
    <ignored/>
  </testcase> <!-- @BeforeSuite setUp -->
  <testcase classname="com.niveus.Base" name="@BeforeSuite setUp" time="0.0">
    <ignored/>
  </testcase> <!-- @BeforeSuite setUp -->
  <testcase classname="com.niveus.Base" name="@BeforeSuite setUp" time="0.0">
    <ignored/>
  </testcase> <!-- @BeforeSuite setUp -->
  <testcase classname="com.niveus.Base" name="@BeforeSuite setUp" time="0.0">
    <ignored/>
  </testcase> <!-- @BeforeSuite setUp -->
  <testcase classname="com.niveus.Base" name="@BeforeSuite setUp" time="0.0">
    <ignored/>
  </testcase> <!-- @BeforeSuite setUp -->
  <testcase classname="com.niveus.Base" name="@BeforeSuite setUp" time="0.0">
    <ignored/>
  </testcase> <!-- @BeforeSuite setUp -->
  <testcase classname="com.niveus.Base" name="@BeforeSuite setUp" time="0.0">
    <ignored/>
  </testcase> <!-- @BeforeSuite setUp -->
  <testcase classname="com.niveus.Base" name="@BeforeSuite setUp" time="0.0">
    <ignored/>
  </testcase> <!-- @BeforeSuite setUp -->
  <testcase classname="com.niveus.Base" name="@BeforeSuite setUp" time="0.0">
    <ignored/>
  </testcase> <!-- @BeforeSuite setUp -->
  <testcase classname="com.niveus.Base" name="@BeforeSuite setUp" time="0.0">
    <ignored/>
  </testcase> <!-- @BeforeSuite setUp -->
  <testcase classname="com.niveus.Base" name="@BeforeSuite setUp" time="0.0">
    <ignored/>
  </testcase> <!-- @BeforeSuite setUp -->
  <testcase classname="com.niveus.Base" name="@BeforeSuite setUp" time="0.0">
    <ignored/>
  </testcase> <!-- @BeforeSuite setUp -->
  <testcase classname="com.niveus.Base" name="@BeforeSuite setUp" time="0.0">
    <ignored/>
  </testcase> <!-- @BeforeSuite setUp -->
  <testcase classname="com.niveus.Base" name="@BeforeSuite setUp" time="0.0">
    <ignored/>
  </testcase> <!-- @BeforeSuite setUp -->
  <testcase classname="com.niveus.Base" name="@AfterSuite flushReport" time="0.0">
    <ignored/>
  </testcase> <!-- @AfterSuite flushReport -->
  <testcase classname="com.niveus.Base" name="@AfterSuite flushReport" time="0.0">
    <ignored/>
  </testcase> <!-- @AfterSuite flushReport -->
  <testcase classname="com.niveus.Base" name="@AfterSuite flushReport" time="0.0">
    <ignored/>
  </testcase> <!-- @AfterSuite flushReport -->
  <testcase classname="com.niveus.Base" name="@AfterSuite flushReport" time="0.0">
    <ignored/>
  </testcase> <!-- @AfterSuite flushReport -->
  <testcase classname="com.niveus.Base" name="@AfterSuite flushReport" time="0.0">
    <ignored/>
  </testcase> <!-- @AfterSuite flushReport -->
  <testcase classname="com.niveus.Base" name="@AfterSuite flushReport" time="0.0">
    <ignored/>
  </testcase> <!-- @AfterSuite flushReport -->
  <testcase classname="com.niveus.Base" name="@AfterSuite flushReport" time="0.0">
    <ignored/>
  </testcase> <!-- @AfterSuite flushReport -->
  <testcase classname="com.niveus.Base" name="@AfterSuite flushReport" time="0.0">
    <ignored/>
  </testcase> <!-- @AfterSuite flushReport -->
  <testcase classname="com.niveus.Base" name="@AfterSuite flushReport" time="0.0">
    <ignored/>
  </testcase> <!-- @AfterSuite flushReport -->
  <testcase classname="com.niveus.Base" name="@AfterSuite flushReport" time="0.0">
    <ignored/>
  </testcase> <!-- @AfterSuite flushReport -->
  <testcase classname="com.niveus.Base" name="@AfterSuite flushReport" time="0.0">
    <ignored/>
  </testcase> <!-- @AfterSuite flushReport -->
  <testcase classname="com.niveus.Base" name="@AfterSuite flushReport" time="0.0">
    <ignored/>
  </testcase> <!-- @AfterSuite flushReport -->
  <testcase classname="com.niveus.Base" name="@AfterSuite flushReport" time="0.0">
    <ignored/>
  </testcase> <!-- @AfterSuite flushReport -->
  <testcase classname="com.niveus.Base" name="@AfterSuite flushReport" time="0.0">
    <ignored/>
  </testcase> <!-- @AfterSuite flushReport -->
  <testcase classname="com.niveus.Base" name="@AfterSuite flushReport" time="0.0">
    <ignored/>
  </testcase> <!-- @AfterSuite flushReport -->
  <testcase classname="com.niveus.Base" name="@AfterSuite flushReport" time="0.0">
    <ignored/>
  </testcase> <!-- @AfterSuite flushReport -->
  <testcase classname="com.niveus.Base" name="@AfterSuite flushReport" time="0.0">
    <ignored/>
  </testcase> <!-- @AfterSuite flushReport -->
  <testcase classname="com.niveus.Base" name="@AfterSuite flushReport" time="0.0">
    <ignored/>
  </testcase> <!-- @AfterSuite flushReport -->
</testsuite> <!-- Surefire test -->
