<?xml version="1.0" encoding="UTF-8"?>
<testsuite xmlns:xsi="http://www.w3.org/2001/XMLSchema-instance" xsi:noNamespaceSchemaLocation="https://maven.apache.org/surefire/maven-surefire-plugin/xsd/surefire-test-report.xsd" name="TestSuite" time="491.908" tests="18" errors="0" skipped="0" failures="0">
  <properties>
[...]
</properties>
  <testcase name="addAdminValidation" classname="com.niveus.AddAdminTest" time="18.424"/>
  <testcase name="adminLoginValidation" classname="com.niveus.LoginTest" time="4.216"/>
  <testcase name="configurationValidation" classname="com.niveus.ConfigurationTest" time="42.902"/>
  <testcase name="SearchUSerValidation" classname="com.niveus.UserSearchTest" time="27.329"/>
  <testcase name="searchValidationTest" classname="com.niveus.SearchSpecialtyTest" time="13.809"/>
  <testcase name="UserValidationTest" classname="com.niveus.UserLoginTest" time="6.213"/>
  <testcase name="deleteSpecValidation" classname="com.niveus.DeleteSpecialtyTest" time="15.578"/>
  <testcase name="adminSearchValidation" classname="com.niveus.SearchAdminTest" time="11.327"/>
  <testcase name="editOrganizationValidation" classname="com.niveus.EditOrganizationTest" time="26.85"/>
  <testcase name="OrgSpecSearchValidation" classname="com.niveus.OrgSpecialtySearchTest" time="31.863"/>
  <testcase name="addUserValidation" classname="com.niveus.AddUserTest" time="24.321"/>
  <testcase name="InvalidLoginValidation" classname="com.niveus.InValidLoginTest" time="4.772"/>
  <testcase name="addOrganizationValiation" classname="com.niveus.AddOrganizationTest" time="18.215"/>
  <testcase name="deleteOrgnizationValidation" classname="com.niveus.DeleteOrganizationTest" time="142.156"/>
  <testcase name="logoutValidationTest" classname="com.niveus.LogoutTest" time="6.517"/>
  <testcase name="searchOrgValidationTest" classname="com.niveus.SearchOrgTest" time="19.582"/>
  <testcase name="editSPecValidation" classname="com.niveus.EditSpecialityTest" time="15.712"/>
  <testcase name="SearchUSerEmailIdValidation" classname="com.niveus.SearchUserEmailIDTest" time="31.366"/>
</testsuite>