<?xml version="1.0" encoding="UTF-8"?>
<testng-results ignored="0" total="1" passed="1" failed="0" skipped="0">
  <reporter-output>
    <line>
      <![CDATA[Afya admin application is sucessgully launched]]>
    </line>
    <line>
      <![CDATA[Add admin login script is running.....>>>>>>>>>>>>>>>>>>>>>>>>>>>>>>>]]>
    </line>
    <line>
      <![CDATA[Admin login page is sucessfully displayed page is sucessfully displayed]]>
    </line>
    <line>
      <![CDATA[Admin login script is sucessfully done###]]>
    </line>
    <line>
      <![CDATA[Add admin testcase is sucessfully done..............##############3#############]]>
    </line>
  </reporter-output>
  <suite started-at="2020-11-11T10:51:20 IST" name="Default suite" finished-at="2020-11-11T10:51:41 IST" duration-ms="20270">
    <groups>
    </groups>
    <test started-at="2020-11-11T10:51:20 IST" name="Default test" finished-at="2020-11-11T10:51:41 IST" duration-ms="20270">
      <class name="com.niveus.AddAdminTest">
        <test-method is-config="true" signature="setUp()[pri:0, instance:com.niveus.AddAdminTest@4387b79e]" started-at="2020-11-11T10:51:20 IST" name="setUp" finished-at="2020-11-11T10:51:20 IST" duration-ms="237" status="PASS">
          <reporter-output>
          </reporter-output>
        </test-method> <!-- setUp -->
        <test-method is-config="true" signature="configBc()[pri:0, instance:com.niveus.AddAdminTest@4387b79e]" started-at="2020-11-11T10:51:20 IST" name="configBc" finished-at="2020-11-11T10:51:26 IST" duration-ms="5760" status="PASS">
          <reporter-output>
            <line>
              <![CDATA[Afya admin application is sucessgully launched]]>
            </line>
          </reporter-output>
        </test-method> <!-- configBc -->
        <test-method signature="addAdminValidation()[pri:0, instance:com.niveus.AddAdminTest@4387b79e]" started-at="2020-11-11T10:51:26 IST" name="addAdminValidation" finished-at="2020-11-11T10:51:41 IST" duration-ms="14462" status="PASS">
          <reporter-output>
            <line>
              <![CDATA[Add admin login script is running.....>>>>>>>>>>>>>>>>>>>>>>>>>>>>>>>]]>
            </line>
            <line>
              <![CDATA[Admin login page is sucessfully displayed page is sucessfully displayed]]>
            </line>
            <line>
              <![CDATA[Admin login script is sucessfully done###]]>
            </line>
            <line>
              <![CDATA[Add admin testcase is sucessfully done..............##############3#############]]>
            </line>
          </reporter-output>
        </test-method> <!-- addAdminValidation -->
        <test-method is-config="true" signature="getResult(org.testng.ITestResult)[pri:0, instance:com.niveus.AddAdminTest@4387b79e]" started-at="2020-11-11T10:51:41 IST" name="getResult" finished-at="2020-11-11T10:51:41 IST" duration-ms="9" status="PASS">
          <params>
            <param index="0">
              <value>
                <![CDATA[[TestResult name=addAdminValidation status=SUCCESS method=AddAdminTest.addAdminValidation()[pri:0, instance:com.niveus.AddAdminTest@4387b79e] output=Add admin login script is running.....>>>>>>>>>>>>>>>>>>>>>>>>>>>>>>>]]]>
              </value>
            </param>
          </params>
          <reporter-output>
          </reporter-output>
        </test-method> <!-- getResult -->
        <test-method is-config="true" signature="flushReport()[pri:0, instance:com.niveus.AddAdminTest@4387b79e]" started-at="2020-11-11T10:51:41 IST" name="flushReport" finished-at="2020-11-11T10:52:43 IST" duration-ms="61939" status="PASS">
          <reporter-output>
          </reporter-output>
        </test-method> <!-- flushReport -->
      </class> <!-- com.niveus.AddAdminTest -->
    </test> <!-- Default test -->
  </suite> <!-- Default suite -->
</testng-results>
